[2014-04-06 13:51:07] START
[2014-04-06 13:52:18] EDIT ex/controllers/default.py: 4
[2014-04-06 13:52:40] CREATE default/first.html: 0
[2014-04-06 13:53:32] EDIT ex/views/default/first.html: 1
[2014-04-06 13:55:08] EDIT ex/views/default/first.html: 16
[2014-04-06 13:55:09] EDIT ex/views/default/first.html: 0
[2014-04-06 13:55:09] EDIT ex/views/default/first.html: 0
[2014-04-06 13:55:09] EDIT ex/views/default/first.html: 0
[2014-04-06 13:55:09] EDIT ex/views/default/first.html: 0
[2014-04-06 13:55:10] EDIT ex/views/default/first.html: 0
[2014-04-06 13:55:10] EDIT ex/views/default/first.html: 0
[2014-04-06 13:55:10] EDIT ex/views/default/first.html: 0
[2014-04-06 13:55:10] EDIT ex/views/default/first.html: 0
[2014-04-06 13:55:10] EDIT ex/views/default/first.html: 0
[2014-04-06 13:55:59] EDIT ex/views/default/first.html: -1
[2014-04-06 13:57:09] EDIT ex/views/default/first.html: 1
[2014-04-06 13:57:35] EDIT ex/controllers/default.py: 0
[2014-04-06 14:03:01] EDIT ex/views/default/first.html: 1
[2014-04-06 14:03:01] EDIT ex/views/default/first.html: 0
[2014-04-06 14:03:01] EDIT ex/views/default/first.html: 0
[2014-04-06 14:03:01] EDIT ex/views/default/first.html: 0
[2014-04-06 14:03:01] EDIT ex/views/default/first.html: 0
[2014-04-06 14:03:28] EDIT ex/views/default/first.html: 1
[2014-04-06 14:03:28] EDIT ex/views/default/first.html: 0
[2014-04-06 14:03:30] EDIT ex/views/default/first.html: 0
[2014-04-06 14:03:30] EDIT ex/views/default/first.html: 0
[2014-04-06 14:03:31] EDIT ex/views/default/first.html: 0
[2014-04-06 14:03:31] EDIT ex/views/default/first.html: 0
[2014-04-06 14:03:31] EDIT ex/views/default/first.html: 0
[2014-04-06 14:03:31] EDIT ex/views/default/first.html: 0
[2014-04-06 14:03:31] EDIT ex/views/default/first.html: 0
[2014-04-06 14:03:59] EDIT ex/views/default/first.html: 0
[2014-04-06 14:03:59] EDIT ex/views/default/first.html: 0
[2014-04-06 14:03:59] EDIT ex/views/default/first.html: 0
[2014-04-06 14:03:59] EDIT ex/views/default/first.html: 0
[2014-04-06 14:04:00] EDIT ex/views/default/first.html: 0
[2014-04-06 14:04:00] EDIT ex/views/default/first.html: 0
[2014-04-06 14:04:00] EDIT ex/views/default/first.html: 0
[2014-04-06 14:04:19] EDIT ex/views/default/first.html: -1
[2014-04-06 14:04:19] EDIT ex/views/default/first.html: 0
[2014-04-06 14:04:19] EDIT ex/views/default/first.html: 0
[2014-04-06 14:04:19] EDIT ex/views/default/first.html: 0
[2014-04-06 14:04:19] EDIT ex/views/default/first.html: 0
[2014-04-06 14:04:19] EDIT ex/views/default/first.html: 0
[2014-04-06 14:04:20] EDIT ex/views/default/first.html: 0
[2014-04-06 14:04:20] EDIT ex/views/default/first.html: 0
[2014-04-06 14:04:20] EDIT ex/views/default/first.html: 0
[2014-04-06 14:04:20] EDIT ex/views/default/first.html: 0
[2014-04-06 14:04:20] EDIT ex/views/default/first.html: 0
[2014-04-06 14:04:20] EDIT ex/views/default/first.html: 0
[2014-04-06 14:04:21] EDIT ex/views/default/first.html: 0
[2014-04-06 14:04:21] EDIT ex/views/default/first.html: 0
[2014-04-06 14:04:21] EDIT ex/views/default/first.html: 0
[2014-04-06 14:04:21] EDIT ex/views/default/first.html: 0
[2014-04-06 14:04:21] EDIT ex/views/default/first.html: 0
[2014-04-06 14:04:21] EDIT ex/views/default/first.html: 0
[2014-04-06 14:04:22] EDIT ex/views/default/first.html: 0
[2014-04-06 14:04:22] EDIT ex/views/default/first.html: 0
[2014-04-06 14:04:22] EDIT ex/views/default/first.html: 0
[2014-04-06 14:04:22] EDIT ex/views/default/first.html: 0
[2014-04-06 14:04:22] EDIT ex/views/default/first.html: 0
[2014-04-06 14:04:23] EDIT ex/views/default/first.html: 0
[2014-04-06 14:04:23] EDIT ex/views/default/first.html: 0
[2014-04-06 14:05:04] EDIT ex/views/default/first.html: 0
[2014-04-06 14:05:04] EDIT ex/views/default/first.html: 0
[2014-04-06 14:05:05] EDIT ex/views/default/first.html: 0
[2014-04-06 14:05:05] EDIT ex/views/default/first.html: 0
[2014-04-06 14:05:05] EDIT ex/views/default/first.html: 0
[2014-04-06 14:05:05] EDIT ex/views/default/first.html: 0
[2014-04-06 14:05:09] EDIT ex/views/default/first.html: 0
[2014-04-06 14:05:09] EDIT ex/views/default/first.html: 0
[2014-04-06 14:05:10] EDIT ex/views/default/first.html: 0
[2014-04-06 14:05:10] EDIT ex/views/default/first.html: 0
[2014-04-06 14:05:10] EDIT ex/views/default/first.html: 0
[2014-04-06 14:05:10] EDIT ex/views/default/first.html: 0
[2014-04-06 14:05:11] EDIT ex/views/default/first.html: 0
[2014-04-06 14:05:12] EDIT ex/views/default/first.html: 0
[2014-04-06 14:05:12] EDIT ex/views/default/first.html: 0
[2014-04-06 14:05:12] EDIT ex/views/default/first.html: 0
[2014-04-06 14:05:12] EDIT ex/views/default/first.html: 0
[2014-04-06 14:05:12] EDIT ex/views/default/first.html: 0
[2014-04-06 14:05:13] EDIT ex/views/default/first.html: 0
[2014-04-06 14:05:13] EDIT ex/views/default/first.html: 0
[2014-04-06 14:05:16] EDIT ex/views/default/first.html: 0
[2014-04-06 14:05:16] EDIT ex/views/default/first.html: 0
[2014-04-06 14:05:16] EDIT ex/views/default/first.html: 0
[2014-04-06 14:05:16] EDIT ex/views/default/first.html: 0
[2014-04-06 14:05:16] EDIT ex/views/default/first.html: 0
[2014-04-06 14:05:16] EDIT ex/views/default/first.html: 0
[2014-04-06 14:05:17] EDIT ex/views/default/first.html: 0
[2014-04-06 14:05:17] EDIT ex/views/default/first.html: 0
[2014-04-06 14:05:17] EDIT ex/views/default/first.html: 0
[2014-04-06 14:05:17] EDIT ex/views/default/first.html: 0
[2014-04-06 14:05:17] EDIT ex/views/default/first.html: 0
[2014-04-06 14:05:26] EDIT ex/views/default/first.html: 0
[2014-04-06 14:05:27] EDIT ex/views/default/first.html: 0
[2014-04-06 14:05:27] EDIT ex/views/default/first.html: 0
[2014-04-06 14:05:27] EDIT ex/views/default/first.html: 0
[2014-04-06 14:05:27] EDIT ex/views/default/first.html: 0
[2014-04-06 14:05:27] EDIT ex/views/default/first.html: 0
[2014-04-06 14:05:27] EDIT ex/views/default/first.html: 0
[2014-04-06 14:05:28] EDIT ex/views/default/first.html: 0
[2014-04-06 14:05:32] EDIT ex/views/default/first.html: 0
[2014-04-06 14:05:32] EDIT ex/views/default/first.html: 0
[2014-04-06 14:05:32] EDIT ex/views/default/first.html: 0
[2014-04-06 14:05:32] EDIT ex/views/default/first.html: 0
[2014-04-06 14:05:32] EDIT ex/views/default/first.html: 0
[2014-04-06 14:05:56] EDIT ex/views/default/first.html: 0
[2014-04-06 14:05:57] EDIT ex/views/default/first.html: 0
[2014-04-06 14:05:57] EDIT ex/views/default/first.html: 0
[2014-04-06 14:05:59] EDIT ex/views/default/first.html: 0
[2014-04-06 14:06:00] EDIT ex/views/default/first.html: 0
[2014-04-06 14:06:00] EDIT ex/views/default/first.html: 0
[2014-04-06 14:06:00] EDIT ex/views/default/first.html: 0
[2014-04-06 14:06:40] EDIT ex/views/default/first.html: 0
[2014-04-06 14:06:41] EDIT ex/views/default/first.html: 0
[2014-04-06 14:06:41] EDIT ex/views/default/first.html: 0
[2014-04-06 14:06:41] EDIT ex/views/default/first.html: 0
[2014-04-06 14:06:41] EDIT ex/views/default/first.html: 0
[2014-04-06 14:06:41] EDIT ex/views/default/first.html: 0
[2014-04-06 14:06:41] EDIT ex/views/default/first.html: 0
[2014-04-06 14:06:42] EDIT ex/views/default/first.html: 0
[2014-04-06 14:06:42] EDIT ex/views/default/first.html: 0
[2014-04-06 14:06:42] EDIT ex/views/default/first.html: 0
[2014-04-06 14:06:56] EDIT ex/views/default/first.html: 0
[2014-04-06 14:06:56] EDIT ex/views/default/first.html: 0
[2014-04-06 14:06:56] EDIT ex/views/default/first.html: 0
[2014-04-06 14:06:56] EDIT ex/views/default/first.html: 0
[2014-04-06 14:06:56] EDIT ex/views/default/first.html: 0
[2014-04-06 14:06:56] EDIT ex/views/default/first.html: 0
[2014-04-06 14:06:56] EDIT ex/views/default/first.html: 0
[2014-04-06 14:08:03] EDIT ex/controllers/default.py: 0
[2014-04-06 14:08:04] EDIT ex/controllers/default.py: 0
[2014-04-06 14:08:04] EDIT ex/controllers/default.py: 0
[2014-04-06 14:08:04] EDIT ex/controllers/default.py: 0
[2014-04-06 14:08:04] EDIT ex/controllers/default.py: 0
[2014-04-06 14:08:04] EDIT ex/controllers/default.py: 0
[2014-04-06 14:08:05] EDIT ex/controllers/default.py: 0
[2014-04-06 14:08:05] EDIT ex/controllers/default.py: 0
[2014-04-06 14:08:05] EDIT ex/controllers/default.py: 0
[2014-04-06 14:08:05] EDIT ex/controllers/default.py: 0
[2014-04-06 14:08:05] EDIT ex/controllers/default.py: 0
[2014-04-06 14:08:05] EDIT ex/controllers/default.py: 0
[2014-04-06 14:08:06] EDIT ex/controllers/default.py: 0
[2014-04-06 14:08:45] EDIT ex/views/default/first.html: -1
[2014-04-06 14:08:46] EDIT ex/views/default/first.html: 0
[2014-04-06 14:08:46] EDIT ex/views/default/first.html: 0
[2014-04-06 14:08:46] EDIT ex/views/default/first.html: 0
[2014-04-06 14:08:46] EDIT ex/views/default/first.html: 0
[2014-04-06 14:08:46] EDIT ex/views/default/first.html: 0
[2014-04-06 14:08:46] EDIT ex/views/default/first.html: 0
[2014-04-06 14:13:27] EDIT ex/controllers/default.py: 6
[2014-04-06 14:14:20] EDIT ex/controllers/default.py: 0
[2014-04-06 14:14:39] EDIT ex/controllers/default.py: 0
[2014-04-06 14:15:21] EDIT ex/controllers/default.py: 0
[2014-04-06 14:17:37] CREATE default/secon.html: 0
[2014-04-06 14:17:41] DELETE ex/views/default/secon.html: -3
[2014-04-06 14:18:02] CREATE defaut/second_.html: 0
[2014-04-06 14:18:59] EDIT ex/views/defaut/second_.html: 0
[2014-04-06 14:19:27] EDIT ex/views/defaut/second_.html: 0
[2014-04-06 14:19:29] EDIT ex/views/defaut/second_.html: 0
[2014-04-06 14:19:42] EDIT ex/views/defaut/second_.html: 0
[2014-04-06 14:20:05] EDIT ex/views/defaut/second_.html: 0
[2014-04-06 14:20:19] EDIT ex/views/defaut/second_.html: 0
[2014-04-06 14:22:06] EDIT ex/views/defaut/second_.html: 3
[2014-04-06 14:22:28] EDIT ex/views/defaut/second_.html: -2
[2014-04-06 14:22:28] EDIT ex/views/defaut/second_.html: 0
[2014-04-06 14:23:09] EDIT ex/controllers/default.py: 0
[2014-04-06 14:23:49] EDIT ex/controllers/default.py: 0
[2014-04-06 14:24:38] EDIT ex/controllers/default.py: 0
[2014-04-06 14:25:29] EDIT ex/views/defaut/second_.html: 1
[2014-04-06 14:26:49] EDIT ex/views/defaut/second_.html: 0
[2014-04-06 14:26:50] EDIT ex/views/defaut/second_.html: 0
[2014-04-06 14:26:50] EDIT ex/views/defaut/second_.html: 0
[2014-04-06 14:27:46] CREATE default/second_.html: 0
[2014-04-06 14:28:01] DELETE ex/views/default/second_.html: -3
[2014-04-06 14:28:04] DELETE ex/views/defaut/second_.html: -5
[2014-04-06 14:28:21] CREATE default/second.html: 0
[2014-04-06 14:28:28] EDIT ex/views/default/second.html: 2
[2014-04-06 14:29:14] EDIT ex/views/default/second.html: 0
[2014-04-06 14:29:35] EDIT ex/views/default/second.html: 0
[2014-04-06 14:29:35] EDIT ex/views/default/second.html: 0
[2014-04-06 14:30:31] EDIT ex/controllers/default.py: 0
[2014-04-06 14:31:40] EDIT ex/views/default/second.html: 1
[2014-04-06 14:31:53] EDIT ex/views/default/second.html: 0
[2014-04-06 14:32:27] EDIT ex/views/default/second.html: 0
[2014-04-06 14:32:39] EDIT ex/views/default/second.html: 0
[2014-04-06 14:34:38] EDIT ex/views/default/second.html: 0
[2014-04-08 14:02:37] CREATE db1.py: 0
[2014-04-08 14:04:54] EDIT ex/models/db1.py: 4
[2014-04-08 14:09:24] EDIT ex/views/default/index.html: -25
[2014-04-08 14:09:46] EDIT ex/controllers/default.py: -5
[2014-04-08 14:11:17] EDIT ex/controllers/default.py: 0
[2014-04-08 14:15:38] EDIT ex/controllers/default.py: 0
[2014-04-08 14:17:07] EDIT ex/controllers/default.py: 0
[2014-04-08 14:21:47] EDIT ex/controllers/default.py: 2
[2014-04-08 14:21:55] EDIT ex/controllers/default.py: 0
[2014-04-08 14:30:24] EDIT ex/controllers/default.py: 0
[2014-04-08 14:30:45] EDIT ex/controllers/default.py: 0
[2014-04-08 14:30:45] EDIT ex/controllers/default.py: 0
[2014-04-08 14:31:59] EDIT ex/controllers/default.py: -2
[2014-04-08 14:32:38] EDIT ex/views/default/first.html: -13
[2014-04-08 14:33:16] EDIT ex/views/default/index.html: -6
[2014-04-08 14:36:42] EDIT ex/views/default/first.html: 2
[2014-04-08 14:36:48] EDIT ex/views/default/first.html: 0
[2014-04-08 14:38:10] EDIT ex/views/default/first.html: 0
[2014-04-08 14:38:21] EDIT ex/views/default/first.html: 0
[2014-04-08 14:39:17] EDIT ex/controllers/default.py: 0
[2014-04-08 14:39:18] EDIT ex/controllers/default.py: 0
[2014-04-08 14:39:18] EDIT ex/controllers/default.py: 0
[2014-04-08 14:44:29] EDIT ex/models/db1.py: 0
[2014-04-08 14:59:16] EDIT ex/models/db1.py: 0
[2014-04-08 15:02:12] EDIT ex/controllers/default.py: 1
[2014-04-08 15:02:13] EDIT ex/controllers/default.py: 0
[2014-04-08 15:02:51] EDIT ex/controllers/default.py: 1
[2014-04-08 15:03:15] EDIT ex/views/default/first.html: -2
[2014-04-08 15:25:40] EDIT ex/controllers/default.py: -1
[2014-04-08 15:26:09] EDIT ex/views/default/index.html: 1
[2014-04-08 15:33:12] EDIT ex/controllers/default.py: 0
[2014-04-08 15:34:28] EDIT ex/controllers/default.py: 0
[2014-04-08 15:35:51] EDIT ex/controllers/default.py: 0
[2014-04-08 15:36:15] EDIT ex/controllers/default.py: 0
[2014-04-08 15:36:28] EDIT ex/controllers/default.py: 0
[2014-04-08 15:36:50] EDIT ex/views/default/index.html: 1
[2014-04-08 15:38:58] EDIT ex/controllers/default.py: 1
[2014-04-08 15:39:56] EDIT ex/controllers/default.py: 0
[2014-04-08 15:41:48] EDIT ex/controllers/default.py: 0
[2014-04-08 15:41:49] EDIT ex/controllers/default.py: 0
[2014-04-08 15:44:27] EDIT ex/controllers/default.py: 3
[2014-04-08 15:44:56] EDIT ex/controllers/default.py: 0
[2014-04-08 15:47:46] EDIT ex/controllers/default.py: -4
[2014-04-08 15:49:24] EDIT ex/views/default/index.html: -2
[2014-04-08 23:17:29] EDIT ex/controllers/default.py: -3
