[2014-04-06 14:35:53] START
[2014-04-06 14:36:29] CREATE db1.py: 0
[2014-04-06 14:38:33] EDIT chatbox/models/db1.py: 4
[2014-04-06 14:39:36] EDIT chatbox/models/db1.py: 3
[2014-04-06 14:40:53] EDIT chatbox/models/db1.py: 1
[2014-04-06 14:45:17] EDIT chatbox/models/db1.py: 0
[2014-04-06 14:45:18] EDIT chatbox/models/db1.py: 0
[2014-04-06 15:00:40] EDIT chatbox/models/db1.py: 0
[2014-04-06 15:17:23] EDIT chatbox/controllers/default.py: -2
[2014-04-06 15:17:34] EDIT chatbox/controllers/default.py: 0
[2014-04-06 15:17:40] EDIT chatbox/controllers/default.py: 0
[2014-04-06 15:18:48] EDIT chatbox/views/default/index.html: -26
[2014-04-06 15:18:48] EDIT chatbox/views/default/index.html: 0
[2014-04-06 15:18:48] EDIT chatbox/views/default/index.html: 0
[2014-04-06 15:18:48] EDIT chatbox/views/default/index.html: 0
[2014-04-06 15:18:49] EDIT chatbox/views/default/index.html: 0
[2014-04-06 15:19:37] EDIT chatbox/controllers/default.py: 0
[2014-04-06 15:19:37] EDIT chatbox/controllers/default.py: 0
[2014-04-06 15:21:54] EDIT chatbox/views/default/index.html: 0
[2014-04-06 15:22:22] CREATE default/view_post.html: 0
[2014-04-06 15:23:56] EDIT chatbox/views/default/view_post.html: 3
[2014-04-06 15:23:56] EDIT chatbox/views/default/view_post.html: 0
[2014-04-06 15:24:19] EDIT chatbox/views/default/index.html: 0
[2014-04-06 15:25:15] EDIT chatbox/controllers/default.py: 0
[2014-04-06 15:27:28] EDIT chatbox/views/default/view_post.html: 1
[2014-04-06 15:27:40] EDIT chatbox/views/default/index.html: 1
